<?xml version="1.0" encoding="UTF-8"?>
<!-- Generated by org.testng.reporters.JUnitReportReporter -->
<testsuite hostname="DESKTOP-8CT3593" name="com.sebamed.test.TestOrder" tests="1" failures="0" timestamp="22 May 2017 05:47:58 GMT" time="55.584" errors="0">
  <testcase name="Order" time="55.584" classname="com.sebamed.test.TestOrder"/>
</testsuite> <!-- com.sebamed.test.TestOrder -->
